<?xml version="1.0" encoding="UTF-8"?>
<testng-results ignored="0" total="1" passed="1" failed="0" skipped="0">
  <reporter-output>
  </reporter-output>
  <suite started-at="2023-01-21T13:59:01 IST" name="Default suite" finished-at="2023-01-21T13:59:21 IST" duration-ms="20078">
    <groups>
    </groups>
    <test started-at="2023-01-21T13:59:01 IST" name="Default test" finished-at="2023-01-21T13:59:21 IST" duration-ms="20078">
      <class name="webSitePractice2.PomBasedScript">
        <test-method is-config="true" signature="extentreport()[pri:0, instance:webSitePractice2.PomBasedScript@5d0a1059]" started-at="2023-01-21T13:59:01 IST" name="extentreport" finished-at="2023-01-21T13:59:02 IST" duration-ms="576" status="PASS">
          <reporter-output>
          </reporter-output>
        </test-method> <!-- extentreport -->
        <test-method signature="werbsiteaction()[pri:0, instance:webSitePractice2.PomBasedScript@5d0a1059]" started-at="2023-01-21T13:59:02 IST" name="werbsiteaction" finished-at="2023-01-21T13:59:21 IST" duration-ms="19316" status="PASS">
          <reporter-output>
          </reporter-output>
        </test-method> <!-- werbsiteaction -->
      </class> <!-- webSitePractice2.PomBasedScript -->
    </test> <!-- Default test -->
  </suite> <!-- Default suite -->
</testng-results>
